<?xml version="1.0" encoding="UTF-8"?>
<!-- Generated by org.testng.reporters.JUnitReportReporter -->
<testsuite hostname="icgua-pc-350" name="functionalTest.ComparePictures" tests="2" failures="0" timestamp="21 Feb 2018 10:32:37 GMT" time="12.086" errors="0">
  <testcase name="compareLinksStrings" time="0.001" classname="functionalTest.ComparePictures"/>
  <testcase name="comparePicturesTest" time="12.085" classname="functionalTest.ComparePictures"/>
</testsuite> <!-- functionalTest.ComparePictures -->
